[INFO] 10-08-2025 13:29:01 [main] [DriverFactory.BaseTest.setup(BaseTest.java:26)] - chrome driver is set up successfully.
[INFO] 10-08-2025 13:29:02 [main] [DriverFactory.BaseTest.setup(BaseTest.java:28)] - Application URL is launched successfully.
[INFO] 10-08-2025 13:29:02 [main] [listeners.ITestMethodListeners.onTestStart(ITestMethodListeners.java:11)] - Test Case validSignUpTest started
[INFO] 10-08-2025 13:29:04 [main] [listeners.IInvokedMethodListeners.afterInvocation(IInvokedMethodListeners.java:33)] - Test Case validSignUpTest failed with exception: java.lang.AssertionError: Sign up failed, alert message is not as expected. expected [Sign up successful.] but found [This user already exist.]
[INFO] 10-08-2025 13:29:07 [main] [DriverFactory.BaseTest.setup(BaseTest.java:26)] - chrome driver is set up successfully.
[INFO] 10-08-2025 13:29:07 [main] [DriverFactory.BaseTest.setup(BaseTest.java:28)] - Application URL is launched successfully.
[INFO] 10-08-2025 13:29:07 [main] [listeners.ITestMethodListeners.onTestStart(ITestMethodListeners.java:11)] - Test Case validLoginTest started
[INFO] 10-08-2025 13:29:15 [main] [Tests.AuthTests.validLoginTest(AuthTests.java:56)] - Login successful, welcome message is displayed as expected.
[INFO] 10-08-2025 13:29:15 [main] [listeners.ITestMethodListeners.onTestSuccess(ITestMethodListeners.java:15)] - Test Case validLoginTest Passed
[INFO] 10-08-2025 13:29:17 [main] [DriverFactory.BaseTest.setup(BaseTest.java:26)] - chrome driver is set up successfully.
[INFO] 10-08-2025 13:29:18 [main] [DriverFactory.BaseTest.setup(BaseTest.java:28)] - Application URL is launched successfully.
[INFO] 10-08-2025 13:29:18 [main] [listeners.ITestMethodListeners.onTestStart(ITestMethodListeners.java:11)] - Test Case invalidSignUpTest started
[INFO] 10-08-2025 13:29:24 [main] [Tests.AuthTests.invalidSignUpTest(AuthTests.java:74)] - Sign up failed, alert message is displayed as expected with This user already exist message.
[INFO] 10-08-2025 13:29:24 [main] [listeners.ITestMethodListeners.onTestSuccess(ITestMethodListeners.java:15)] - Test Case invalidSignUpTest Passed
[INFO] 10-08-2025 13:29:26 [main] [DriverFactory.BaseTest.setup(BaseTest.java:26)] - chrome driver is set up successfully.
[INFO] 10-08-2025 13:29:27 [main] [DriverFactory.BaseTest.setup(BaseTest.java:28)] - Application URL is launched successfully.
[INFO] 10-08-2025 13:29:27 [main] [listeners.ITestMethodListeners.onTestStart(ITestMethodListeners.java:11)] - Test Case signUpWithEmptyPasswordTest started
[INFO] 10-08-2025 13:29:28 [main] [listeners.IInvokedMethodListeners.afterInvocation(IInvokedMethodListeners.java:33)] - Test Case signUpWithEmptyPasswordTest failed with exception: java.lang.AssertionError: Alert message is not as expected. expected [Please fill out Password.] but found [Please fill out Username and Password.]
[INFO] 10-08-2025 13:29:30 [main] [DriverFactory.BaseTest.setup(BaseTest.java:26)] - chrome driver is set up successfully.
[INFO] 10-08-2025 13:29:31 [main] [DriverFactory.BaseTest.setup(BaseTest.java:28)] - Application URL is launched successfully.
[INFO] 10-08-2025 13:29:31 [main] [listeners.ITestMethodListeners.onTestStart(ITestMethodListeners.java:11)] - Test Case invalidLoginTest started
[INFO] 10-08-2025 13:29:37 [main] [Tests.AuthTests.invalidLoginTest(AuthTests.java:90)] - Login failed, alert message is displayed as expected with wrong password message.
[INFO] 10-08-2025 13:29:37 [main] [listeners.ITestMethodListeners.onTestSuccess(ITestMethodListeners.java:15)] - Test Case invalidLoginTest Passed
[INFO] 10-08-2025 13:29:39 [main] [DriverFactory.BaseTest.setup(BaseTest.java:26)] - chrome driver is set up successfully.
[INFO] 10-08-2025 13:29:40 [main] [DriverFactory.BaseTest.setup(BaseTest.java:28)] - Application URL is launched successfully.
